<?xml version="1.0" encoding="UTF-8"?>
<!-- Generated by org.testng.reporters.JUnitXMLReporter -->
<testsuite ignored="4" hostname="Mokshi" failures="0" tests="0" time="0.015" errors="0" timestamp="2024-07-23T23:53:01 CDT">
  <testcase classname="PRACTICE.assertions" name="loignin1" time="0.0">
    <ignored/>
  </testcase> <!-- loignin1 -->
  <testcase classname="PRACTICE.assertions" name="signin3" time="0.0">
    <ignored/>
  </testcase> <!-- signin3 -->
  <testcase classname="PRACTICE.assertions" name="signin11" time="0.0">
    <ignored/>
  </testcase> <!-- signin11 -->
  <testcase classname="PRACTICE.assertions" name="signin2" time="0.0">
    <ignored/>
  </testcase> <!-- signin2 -->
</testsuite>
